Starting Dynare (version 6.1).
Calling Dynare with arguments: none
Starting preprocessing of the model file ...
Found 8 equation(s).
Evaluating expressions...
Computing static model derivatives (order 1).
Normalizing the static model...
Finding the optimal block decomposition of the static model...
4 block(s) found:
  3 recursive block(s) and 1 simultaneous block(s).
  the largest simultaneous block has 5 equation(s)
                                 and 5 feedback variable(s).
Computing dynamic model derivatives (order 2).
Normalizing the dynamic model...
Finding the optimal block decomposition of the dynamic model...
3 block(s) found:
  2 recursive block(s) and 1 simultaneous block(s).
  the largest simultaneous block has 6 equation(s)
                                 and 6 feedback variable(s).
Preprocessing completed.
Preprocessing time: 0h00m00s.

STEADY-STATE RESULTS:

y     		 0
c     		 0
n     		 0
v     		 0
k     		 0
r     		 0
z     		 0
y_obs 		 0.00631182

EIGENVALUES:
         Modulus             Real        Imaginary
               0                0                0
          0.9335           0.9335                0
            0.95             0.95                0
           1.081            1.081                0
       5.365e+15       -5.365e+15                0

There are 2 eigenvalue(s) larger than 1 in modulus for 2 forward-looking variable(s)
The rank condition is verified.

Initial value of the log posterior (or likelihood): 267.5644
Gradient norm  7720.3723
Minimum Hessian eigenvalue 6.0299
Maximum Hessian eigenvalue 741803.3606
 
Iteration 1
Predicted improvement:       50.000978732
lambda =          1; f =         -267.5564620
lambda =    0.33333; f =         -307.6876875
lambda =    0.64439; f =         -363.3828144
lambda =     1.2457; f =         -267.5644268
lambda =     0.8388; f =         -267.5632232
lambda =    0.66161; f =         -366.2131336
lambda =    0.76285; f =         -267.5643468
lambda =    0.70038; f =         -369.1119680
lambda =    0.73722; f =         -267.5644278
lambda =    0.71489; f =         -367.1842048
lambda =    0.72821; f =         -361.6269517
lambda =    0.74177; f =         -267.5644244
lambda =     0.7336; f =         -356.9937383
Norm of dx    0.81993
Predicted improvement: 29802074.446657620
lambda =          1; f =     59591184.9311603
lambda =    0.33333; f =      6620993.7263464
lambda =    0.11111; f =       735424.3983082
lambda =   0.037037; f =        81474.7415806
lambda =   0.012346; f =         8814.4988883
lambda =  0.0041152; f =          741.4153482
lambda =  0.0013717; f =         -155.5016809
lambda = 0.00045725; f =         -255.1283776
lambda = 0.00015242; f =         -266.1877602
lambda = 5.0805e-05; f =         -267.4131638
lambda = 1.6935e-05; f =         -267.5481808
lambda =  5.645e-06; f =         -267.5628030
lambda = 1.8817e-06; f =         -267.5643012
lambda = 6.2723e-07; f =         -267.5644254
lambda = 2.0908e-07; f =         -340.4500435
lambda = 6.9692e-08; f =         -367.3176598
lambda = 2.3231e-08; f =         -368.9558360
lambda = 7.7435e-09; f =         -369.1004962
lambda = 2.5812e-09; f =         -369.1123851
Norm of dx     7720.4
Predicted improvement:        0.000317430
lambda =          1; f =         -369.1127029
Norm of dx 7.7506e-06
Done for param epsilon =   0.0044; f = -369.1127
Predicted improvement:        0.290577983
lambda =          1; f =         -369.3843649
Norm of dx     0.1435
Done for param eta =   1.3796; f = -369.3844
Predicted improvement:        0.012061216
lambda =          1; f =         -369.3968505
Norm of dx 0.00078214
Done for param psi =   0.9862; f = -369.3969
Sequence of univariate steps!!
Actual dxnorm 0.44709
FVAL          -369.3969
Improvement   101.8324
Ftol          1e-05
Htol          1e-05
Elapsed time for iteration 0.27656 s.
 
Iteration 2
Correct for low angle: 0.00131871
Predicted improvement:       11.667909746
lambda =          1; f =         -369.2094774
lambda =    0.33333; f =         -271.2656956
lambda =    0.11111; f =         -369.1297538
lambda =   0.037037; f =         -370.0219969
lambda =   0.071599; f =         -370.0538404
Norm of dx      1.656
Predicted improvement:        0.181187313
lambda =          1; f =         -370.2460373
Norm of dx 0.00014972
Done for param epsilon =   0.0040; f = -370.2460
Predicted improvement:        0.286607445
lambda =          1; f =         -370.5157479
Norm of dx    0.11751
Done for param eta =   1.1435; f = -370.5157
Predicted improvement:        0.062037538
lambda =          1; f =         -370.5826809
Norm of dx    0.00192
Done for param psi =   0.9849; f = -370.5827
Sequence of univariate steps!!
Actual dxnorm 0.23608
FVAL          -370.5827
Improvement   1.1858
Ftol          1e-05
Htol          1e-05
Elapsed time for iteration 0.28916 s.
 
Iteration 3
Correct for low angle: 0.00138312
Predicted improvement:       12.262257243
lambda =          1; f =         -370.2872928
lambda =    0.33333; f =         -370.5826809
lambda =    0.11111; f =         -370.2006228
lambda =   0.037037; f =         -371.2395523
lambda =   0.071599; f =         -371.2573652
Norm of dx     1.5306
Predicted improvement:        0.206661576
lambda =          1; f =         -371.4773485
Norm of dx 0.00014047
Done for param epsilon =   0.0035; f = -371.4773
Predicted improvement:        0.245441099
lambda =          1; f =         -371.7096310
Norm of dx   0.091713
Done for param eta =   0.9422; f = -371.7096
Predicted improvement:        0.084723602
lambda =          1; f =         -371.8021690
Norm of dx  0.0025832
Done for param psi =   0.9829; f = -371.8022
Sequence of univariate steps!!
Actual dxnorm 0.20131
FVAL          -371.8022
Improvement   1.2195
Ftol          1e-05
Htol          1e-05
Elapsed time for iteration 0.12899 s.
 
Iteration 4
Correct for low angle: 0.00156148
Predicted improvement:       12.689275329
lambda =          1; f =         -371.2238941
lambda =    0.33333; f =         -371.8021687
lambda =    0.11111; f =         -370.4743431
lambda =   0.037037; f =         -372.4279549
Norm of dx     1.5462
Predicted improvement:        0.000286871
lambda =          1; f =         -372.4282426
Norm of dx 5.2988e-06
Done for param epsilon =   0.0032; f = -372.4282
Predicted improvement:        0.169685083
lambda =          1; f =         -372.5899748
Norm of dx     0.0683
Done for param eta =   0.8166; f = -372.5900
Predicted improvement:        0.045786344
lambda =          1; f =         -372.6388773
Norm of dx  0.0022333
Done for param psi =   0.9807; f = -372.6389
Sequence of univariate steps!!
Actual dxnorm 0.12559
FVAL          -372.6389
Improvement   0.83671
Ftol          1e-05
Htol          1e-05
Elapsed time for iteration 0.023509 s.
 
Iteration 5
Correct for low angle: 0.00178658
Predicted improvement:       13.434253476
lambda =          1; f =         -371.4034687
lambda =    0.33333; f =         -372.6388760
lambda =    0.11111; f =         -368.5000366
lambda =   0.037037; f =         -373.1556271
Norm of dx     1.7717
Predicted improvement:        0.056552053
lambda =          1; f =         -373.2142491
Norm of dx 6.4246e-05
Done for param epsilon =   0.0029; f = -373.2142
Predicted improvement:        0.132926271
lambda =          1; f =         -373.3413386
Norm of dx    0.05337
Done for param eta =   0.6976; f = -373.3413
Predicted improvement:        0.023216787
lambda =          1; f =         -373.3656437
Norm of dx   0.001824
Done for param psi =   0.9786; f = -373.3656
Sequence of univariate steps!!
Actual dxnorm 0.11901
FVAL          -373.3656
Improvement   0.72677
Ftol          1e-05
Htol          1e-05
Elapsed time for iteration 0.027265 s.
 
Iteration 6
Correct for low angle: 0.00199211
Predicted improvement:       17.658415808
lambda =          1; f =         -368.7641739
lambda =    0.33333; f =         -373.2401737
lambda =    0.11111; f =         -339.9189989
lambda =   0.037037; f =         -373.1804602
lambda =   0.012346; f =         -373.6726128
lambda =   0.023866; f =         -373.6682224
Norm of dx     2.6867
Predicted improvement:        0.000146973
lambda =          1; f =         -373.6727594
Norm of dx 3.2699e-06
Done for param epsilon =   0.0027; f = -373.6728
Predicted improvement:        0.085775063
lambda =          1; f =         -373.7553215
Norm of dx   0.039103
Done for param eta =   0.6254; f = -373.7553
Predicted improvement:        0.004853984
lambda =          1; f =         -373.7602752
Norm of dx 0.00092036
Done for param psi =   0.9771; f = -373.7603
Sequence of univariate steps!!
Actual dxnorm 0.072282
FVAL          -373.7603
Improvement   0.39463
Ftol          1e-05
Htol          1e-05
Elapsed time for iteration 0.027599 s.
 
Iteration 7
Correct for low angle: 0.00214162
Predicted improvement:       26.428070935
lambda =          1; f =         -354.0527866
lambda =    0.33333; f =         -372.3980828
lambda =    0.11111; f =         -373.7544371
lambda =   0.037037; f =         -367.1524555
lambda =   0.012346; f =         -373.8617850
lambda =  0.0041152; f =         -373.9254141
lambda =  0.0079555; f =         -373.9705054
Norm of dx     4.9104
Predicted improvement:        0.027765083
lambda =          1; f =         -373.9989865
Norm of dx 4.0512e-05
Done for param epsilon =   0.0026; f = -373.9990
Predicted improvement:        0.046287014
lambda =          1; f =         -374.0439266
Norm of dx    0.02587
Done for param eta =   0.5604; f = -374.0439
Predicted improvement:        0.000122980
lambda =          1; f =         -374.0440499
Norm of dx 0.00015728
Done for param psi =   0.9758; f = -374.0440
Sequence of univariate steps!!
Actual dxnorm 0.06493
FVAL          -374.044
Improvement   0.28377
Ftol          1e-05
Htol          1e-05
Elapsed time for iteration 0.032164 s.
 
Iteration 8
Correct for low angle: 0.00224151
Predicted improvement:       17.149487281
lambda =          1; f =         -357.2704032
lambda =    0.33333; f =         -372.8432168
lambda =    0.11111; f =         -374.0348503
lambda =   0.037037; f =         -366.8010434
lambda =   0.012346; f =         -373.9059182
lambda =  0.0041152; f =         -374.1314977
Norm of dx     4.5048
Predicted improvement:        0.000910164
lambda =          1; f =         -374.1324125
Norm of dx 7.3237e-06
Done for param epsilon =   0.0025; f = -374.1324
Predicted improvement:        0.020059852
lambda =          1; f =         -374.1520765
Norm of dx    0.01585
Done for param eta =   0.5261; f = -374.1521
Predicted improvement:        0.000160087
lambda =          1; f =         -374.1522361
Norm of dx 0.00018496
Done for param psi =   0.9751; f = -374.1522
Sequence of univariate steps!!
Actual dxnorm 0.034373
FVAL          -374.1522
Improvement   0.10819
Ftol          1e-05
Htol          1e-05
Elapsed time for iteration 0.15208 s.
 
Iteration 9
Correct for low angle: 0.0022888
Predicted improvement:        3.236009750
lambda =          1; f =         -373.3785139
lambda =    0.33333; f =         -374.1500500
lambda =    0.11111; f =         -368.8372728
lambda =   0.037037; f =         -373.9551572
lambda =   0.012346; f =         -374.1893553
Norm of dx     1.2517
Predicted improvement:        0.004555896
lambda =          1; f =         -374.1939603
Norm of dx 1.5827e-05
Done for param epsilon =   0.0024; f = -374.1940
Predicted improvement:        0.007097031
lambda =          1; f =         -374.2009721
Norm of dx  0.0089077
Done for param eta =   0.5017; f = -374.2010
Predicted improvement:        0.000948632
lambda =          1; f =         -374.2019135
Norm of dx 0.00045937
Done for param psi =   0.9746; f = -374.2019
Sequence of univariate steps!!
Actual dxnorm 0.024336
FVAL          -374.2019
Improvement   0.049677
Ftol          1e-05
Htol          1e-05
Elapsed time for iteration 0.13479 s.
 
Iteration 10
Correct for low angle: 0.00226237
Predicted improvement:        0.526528378
lambda =          1; f =         -374.2019121
lambda =    0.33333; f =         -370.1332205
lambda =    0.11111; f =         -373.9743978
lambda =   0.037037; f =         -374.2064818
lambda =   0.012346; f =         -374.2112166
lambda =   0.023866; f =         -374.2130067
Norm of dx    0.34735
Predicted improvement:        0.001338272
lambda =          1; f =         -374.2143530
Norm of dx 8.5204e-06
Done for param epsilon =   0.0024; f = -374.2144
Predicted improvement:        0.001980231
lambda =          1; f =         -374.2163206
Norm of dx  0.0045401
Done for param eta =   0.4889; f = -374.2163
Predicted improvement:        0.000548826
lambda =          1; f =         -374.2168663
Norm of dx 0.00035064
Done for param psi =   0.9744; f = -374.2169
Sequence of univariate steps!!
Actual dxnorm 0.01281
FVAL          -374.2169
Improvement   0.014953
Ftol          1e-05
Htol          1e-05
Elapsed time for iteration 0.099548 s.
 
Iteration 11
Correct for low angle: 0.00223788
Predicted improvement:        0.101954940
lambda =          1; f =         -368.3041447
lambda =    0.33333; f =         -373.8284474
lambda =    0.11111; f =         -374.1944030
lambda =   0.037037; f =         -374.2195894
Norm of dx    0.12587
Predicted improvement:        0.000625352
lambda =          1; f =         -374.2202173
Norm of dx 5.7958e-06
Done for param epsilon =   0.0024; f = -374.2202
Predicted improvement:        0.000462581
lambda =          1; f =         -374.2206784
Norm of dx  0.0021503
Done for param eta =   0.4821; f = -374.2207
Predicted improvement:        0.016990139
lambda =          1; f =         -374.2206010
lambda =    0.33333; f =         -374.2206537
lambda =    0.11111; f =         -374.2206703
lambda =   0.037037; f =         -374.2206757
lambda =   0.012346; f =         -374.2206775
lambda =  0.0041152; f =         -374.2206781
lambda =  0.0013717; f =         -374.2206783
lambda = 0.00045725; f =         -374.2206784
lambda = 0.00015242; f =         -374.2206784
lambda = 5.0805e-05; f =         -374.2206784
lambda = 1.6935e-05; f =         -374.2206784
lambda =  5.645e-06; f =         -374.2206784
lambda = 1.8817e-06; f =         -374.2206784
lambda = 6.2723e-07; f =         -374.2206784
lambda = 2.0908e-07; f =         -374.2206784
lambda = 6.9692e-08; f =         -374.2206784
lambda = 2.3231e-08; f =         -374.2206784
lambda = 7.7435e-09; f =         -374.2206784
lambda = 2.5812e-09; f =         -374.2206784

lambda =

  -6.2723e-07

lambda = -6.2723e-07; f =         -374.2206784
Norm of dx 3.3493e-05
Done for param psi =   0.9740; f = -374.2207
Sequence of univariate steps!!
Actual dxnorm 0.0068069
FVAL          -374.2207
Improvement   0.0038121
Ftol          1e-05
Htol          1e-05
Elapsed time for iteration 0.092434 s.
 
Iteration 12
Correct for low angle: 0.00128325
Predicted improvement:        0.010687254
lambda =          1; f =         -373.9475624
lambda =    0.33333; f =         -374.1978403
lambda =    0.11111; f =         -374.2198178
lambda =   0.037037; f =         -374.2211139
Norm of dx   0.027044
Predicted improvement:        0.000178842
lambda =          1; f =         -374.2212925
Norm of dx  0.0013283
Done for param eta =   0.4798; f = -374.2213
Predicted improvement:        0.000344613
lambda =          1; f =         -374.2216355
Norm of dx 0.00027854
Done for param psi =   0.9742; f = -374.2216
Sequence of univariate steps!!
Actual dxnorm 0.0023346
FVAL          -374.2216
Improvement   0.0009571
Ftol          1e-05
Htol          1e-05
Elapsed time for iteration 0.027316 s.
 
Iteration 13
Correct for low angle: 0.00199203
Predicted improvement:        0.007162678
lambda =          1; f =         -374.0116568
lambda =    0.33333; f =         -374.2033826
lambda =    0.11111; f =         -374.2207335
lambda =   0.037037; f =         -374.2218914
Norm of dx   0.027457
Predicted improvement:        0.000006330
lambda =          1; f =         -374.2218418
lambda =    0.33333; f =         -374.2218763
lambda =    0.11111; f =         -374.2218865
lambda =   0.037037; f =         -374.2218898
lambda =   0.012346; f =         -374.2218909
lambda =  0.0041152; f =         -374.2218912
lambda =  0.0013717; f =         -374.2218913
lambda = 0.00045725; f =         -374.2218914
lambda = 0.00015242; f =         -374.2218914
lambda = 5.0805e-05; f =         -374.2218914
lambda = 1.6935e-05; f =         -374.2218914
lambda =  5.645e-06; f =         -374.2218914
lambda = 1.8817e-06; f =         -374.2218914
lambda = 6.2723e-07; f =         -374.2218914
lambda = 2.0908e-07; f =         -374.2218914
lambda = 6.9692e-08; f =         -374.2218914
lambda = 2.3231e-08; f =         -374.2218914
lambda = 7.7435e-09; f =         -374.2218914
lambda = 2.5812e-09; f =         -374.2218914

lambda =

  -6.2723e-07

lambda = -6.2723e-07; f =         -374.2218914
Norm of dx 0.00024729
Predicted improvement:        0.000074200
lambda =          1; f =         -374.2219656
Norm of dx  0.0008498
Done for param eta =   0.4780; f = -374.2220
Predicted improvement:        0.000011378
lambda =          1; f =         -374.2219770
Norm of dx 5.0368e-05
Done for param psi =   0.9741; f = -374.2220
Sequence of univariate steps!!
Actual dxnorm 0.0018631
FVAL          -374.222
Improvement   0.00034143
Ftol          1e-05
Htol          1e-05
Elapsed time for iteration 0.12671 s.
 
Iteration 14
Correct for low angle: 0.00221298
Predicted improvement:        0.001026810
lambda =          1; f =         -374.1953254
lambda =    0.33333; f =         -374.2195624
lambda =    0.11111; f =         -374.2218640
lambda =   0.037037; f =         -374.2220152
Norm of dx   0.010722
Predicted improvement:        0.000000213
lambda =          1; f =         -374.2220118
lambda =    0.33333; f =         -374.2220141
lambda =    0.11111; f =         -374.2220149
lambda =   0.037037; f =         -374.2220151
lambda =   0.012346; f =         -374.2220152
lambda =  0.0041152; f =         -374.2220152
lambda =  0.0013717; f =         -374.2220152
lambda = 0.00045725; f =         -374.2220152
lambda = 0.00015242; f =         -374.2220152
lambda = 5.0805e-05; f =         -374.2220152
lambda = 1.6935e-05; f =         -374.2220152
lambda =  5.645e-06; f =         -374.2220152
lambda = 1.8817e-06; f =         -374.2220152
lambda = 6.2723e-07; f =         -374.2220152
lambda = 2.0908e-07; f =         -374.2220152
lambda = 6.9692e-08; f =         -374.2220152
lambda = 2.3231e-08; f =         -374.2220152
lambda = 4.4909e-08; f =         -374.2220152
lambda = 3.0239e-08; f =         -374.2220152
lambda = 2.3851e-08; f =         -374.2220152
lambda = 2.3415e-08; f =         -374.2220152
lambda = 2.3676e-08; f =         -374.2220152
lambda = 2.3939e-08; f =         -374.2220152
Norm of dx 4.5121e-05
Predicted improvement:        0.000012594
lambda =          1; f =         -374.2220278
Norm of dx 0.00034907
Done for param eta =   0.4772; f = -374.2220
Sequence of univariate steps!!
Actual dxnorm 0.00074541
FVAL          -374.222
Improvement   5.0882e-05
Ftol          1e-05
Htol          1e-05
Elapsed time for iteration 0.29076 s.
 
Iteration 15
Correct for low angle: 0.0015083
Predicted improvement:        0.000133559
lambda =          1; f =         -374.2189987
lambda =    0.33333; f =         -374.2217541
lambda =    0.11111; f =         -374.2220173
lambda =   0.037037; f =         -374.2220333
Norm of dx  0.0031323
Predicted improvement:        0.000000000
lambda =          1; f =         -374.2220333
lambda =    0.33333; f =         -374.2220333
lambda =    0.11111; f =         -374.2220333
lambda =   0.037037; f =         -374.2220333
lambda =   0.012346; f =         -374.2220333
lambda =  0.0041152; f =         -374.2220333
lambda =  0.0013717; f =         -374.2220333
lambda = 0.00045725; f =         -374.2220333
lambda = 0.00015242; f =         -374.2220333
lambda = 5.0805e-05; f =         -374.2220333
lambda = 1.6935e-05; f =         -374.2220333
lambda =  5.645e-06; f =         -374.2220333
lambda = 1.8817e-06; f =         -374.2220333
lambda = 6.2723e-07; f =         -374.2220333
lambda = 1.2125e-06; f =         -374.2220333
lambda = 8.1646e-07; f =         -374.2220333
lambda = 6.4398e-07; f =         -374.2220333
lambda = 6.3221e-07; f =         -374.2220333
lambda = 6.3925e-07; f =         -374.2220333
Norm of dx 2.6392e-07
Sequence of univariate steps!!
Try diagonal Hessian
Predicted improvement:        0.000003183
lambda =          1; f =         -374.2220338
lambda =    0.33333; f =         -374.2220338
lambda =    0.11111; f =         -374.2220335
Norm of dx 8.9719e-06
Try gradient direction
Predicted improvement:        0.014544972
lambda =          1; f =         -374.2220276
lambda =    0.33333; f =         -364.6549631
lambda =    0.11111; f =         -373.4521568
lambda =   0.037037; f =         -374.1440829
lambda =   0.012346; f =         -374.2135847
lambda =  0.0041152; f =         -374.2210888
lambda =  0.0013717; f =         -374.2219240
lambda = 0.00045725; f =         -374.2220199
lambda = 0.00015242; f =         -374.2220317
lambda = 5.0805e-05; f =         -374.2220334
lambda = 1.6935e-05; f =         -374.2220337
lambda =  5.645e-06; f =         -374.2220338
lambda = 1.8817e-06; f =         -374.2220338
lambda = 6.2723e-07; f =         -374.2220338
lambda = 2.0908e-07; f =         -374.2220338
lambda = 6.9692e-08; f =         -374.2220338
lambda = 2.3231e-08; f =         -374.2220338
lambda = 7.7435e-09; f =         -374.2220338
lambda = 2.5812e-09; f =         -374.2220338

lambda =

  -6.2723e-07

lambda = -6.2723e-07; f =         -374.2220338
Norm of dx  0.0017056
No further improvement is possible!
Actual dxnorm 0.0001157
FVAL          -374.222
Improvement   6.0018e-06
Ftol          1e-05
Htol          1e-05
Gradient norm  17.0558
Minimum Hessian eigenvalue 7.7294
Maximum Hessian eigenvalue 61560836.8384
Estimation successful.

Final value of minus the log posterior (or likelihood):-374.222034 

MODE CHECK

Fval obtained by the optimization routine: -374.222034

RESULTS FROM POSTERIOR ESTIMATION
parameters
        prior mean     mode    s.d.  prior pstdev

eta         1.0000   0.4771  0.1448   invg 1.0000 
psi         0.7500   0.9741  0.0109   beta 0.1000 

standard deviation of shocks
        prior mean     mode    s.d.  prior pstdev

epsilon     0.0100   0.0024  0.0003   invg    Inf 


Log data density [Laplace approximation] is 361.765098.

Estimation::mcmc: Multiple chains mode.
Estimation::mcmc: Old mh-files successfully erased!
Estimation::mcmc: Old metropolis.log file successfully erased!
Estimation::mcmc: Creation of a new metropolis.log file.
Estimation::mcmc: Searching for initial values...
Estimation::mcmc: Initial values found!

Estimation::mcmc: Write details about the MCMC... Ok!
Estimation::mcmc: Details about the MCMC are available in basicrbc2015_est/metropolis/basicrbc2015_est_mh_history_0.mat

