Starting Dynare (version 4.5.6).
Starting preprocessing of the model file ...
Found 12 equation(s).
Evaluating expressions...done
Computing static model derivatives:
 - order 1
Computing dynamic model derivatives:
 - order 1
Processing outputs ...
done
Preprocessing completed.

STEADY-STATE RESULTS:

y  		 1.25718
c  		 0.943787
k  		 12.5356
l  		 0.364425
a  		 1
r  		 0.035101
w  		 2.24234
iv 		 0.31339
mc 		 1
z  		 1
fk 		 0.035101
fl 		 2.24234

EIGENVALUES:
         Modulus             Real        Imaginary

             0.5              0.5                0
             0.9              0.9                0
          0.9577           0.9577                0
           1.055            1.055                0
       2.485e+18       -2.485e+18                0


There are 2 eigenvalue(s) larger than 1 in modulus 
for 2 forward-looking variable(s)

The rank condition is verified.


MODEL SUMMARY

  Number of variables:         12
  Number of stochastic shocks: 2
  Number of state variables:   3
  Number of jumpers:           2
  Number of static variables:  7


MATRIX OF COVARIANCE OF EXOGENOUS SHOCKS
Variables        epsa      epsz
epsa         0.001600  0.000000
epsz         0.000000  0.000100

POLICY AND TRANSITION FUNCTIONS
                                   y               c              iv               a               r              fk               l              fl               z
Constant                    1.257176        0.943787        0.313390        1.000000        0.035101        0.035101        0.364425        2.242337        1.000000
k(-1)                       0.009526        0.026813       -0.017287               0       -0.002534       -0.002534       -0.011405        0.087170               0
a(-1)                       1.557050        0.197766        1.359284        0.900000        0.043474        0.043474        0.189798        1.609359               0
z(-1)                       0.510226       -0.377291        0.887517               0        0.014246        0.014246        0.227542       -0.490029        0.500000
epsa                        1.730055        0.219740        1.510316        1.000000        0.048304        0.048304        0.210887        1.788176               0
epsz                        1.020452       -0.754582        1.775034               0        0.028492        0.028492        0.455084       -0.980059        1.000000


THEORETICAL MOMENTS
VARIABLE         MEAN  STD. DEV.   VARIANCE
y              1.2572     0.1684     0.0284
c              0.9438     0.0609     0.0037
iv             0.3134     0.1274     0.0162
a              1.0000     0.0918     0.0084
r              0.0351     0.0044     0.0000
fk             0.0351     0.0044     0.0000
l              0.3644     0.0202     0.0004
fl             2.2423     0.2770     0.0768
z              1.0000     0.0115     0.0001



VARIANCE DECOMPOSITION (in percent)
        epsa    epsz
y      99.49    0.51
c      97.92    2.08
iv     97.47    2.53
a     100.00    0.00
r      99.14    0.86
fk     99.14    0.86
l      93.38    6.62
fl     99.74    0.26
z       0.00  100.00



MATRIX OF CORRELATIONS
Variables         y       c      iv       a       r      fk       l      fl       z
y            1.0000  0.7726  0.9528  0.9937  0.4100  0.4100  0.3876  0.9101  0.0711
c            0.7726  1.0000  0.5433  0.7287 -0.2419 -0.2419 -0.2848  0.9658 -0.1344
iv           0.9528  0.5433  1.0000  0.9655  0.6578  0.6578  0.6487  0.7415  0.1582
a            0.9937  0.7287  0.9655  1.0000  0.4839  0.4839  0.4469  0.8766  0.0000
r            0.4100 -0.2419  0.6578  0.4839  1.0000  1.0000  0.9820  0.0030  0.0630
fk           0.4100 -0.2419  0.6578  0.4839  1.0000  1.0000  0.9820  0.0030  0.0630
l            0.3876 -0.2848  0.6487  0.4469  0.9820  0.9820  1.0000 -0.0294  0.2485
fl           0.9101  0.9658  0.7415  0.8766  0.0030  0.0030 -0.0294  1.0000 -0.0347
z            0.0711 -0.1344  0.1582  0.0000  0.0630  0.0630  0.2485 -0.0347  1.0000



COEFFICIENTS OF AUTOCORRELATION
Order         1       2       3       4       5
y        0.9092  0.8281  0.7550  0.6891  0.6294
c        0.9782  0.9593  0.9410  0.9222  0.9026
iv       0.8668  0.7532  0.6545  0.5679  0.4914
a        0.9000  0.8100  0.7290  0.6561  0.5905
r        0.8885  0.7898  0.7020  0.6236  0.5535
fk       0.8885  0.7898  0.7020  0.6236  0.5535
l        0.8658  0.7594  0.6709  0.5951  0.5288
fl       0.9651  0.9313  0.8984  0.8663  0.8350
z        0.5000  0.2500  0.1250  0.0625  0.0312
Total computing time : 0h00m01s
