Starting Dynare (version 4.5.6).
Starting preprocessing of the model file ...
Found 14 equation(s).
Evaluating expressions...done
Computing static model derivatives:
 - order 1
Computing dynamic model derivatives:
 - order 1
Processing outputs ...
done
Preprocessing completed.

shock_vals_A =

    1.0200
    1.0404
    1.0612
    1.0824
    1.1041
    1.1262
    1.1487
    1.1717
    1.1951
    1.2190
    1.2434
    1.2682
    1.2936
    1.3195
    1.3459
    1.3728
    1.4002
    1.4282
    1.4568
    1.4859
    1.5157
    1.5460
    1.5769
    1.6084
    1.6406
    1.6734
    1.7069
    1.7410
    1.7758
    1.8114
    1.8476
    1.8845
    1.9222
    1.9607
    1.9999
    2.0399
    2.0807
    2.1223
    2.1647
    2.2080
    2.2522
    2.2972
    2.3432
    2.3901
    2.4379
    2.4866
    2.5363
    2.5871
    2.6388
    2.6916
    2.7454
    2.8003
    2.8563
    2.9135
    2.9717
    3.0312
    3.0918
    3.1536
    3.2167
    3.2810
    3.3467
    3.4136
    3.4819
    3.5515
    3.6225
    3.6950
    3.7689
    3.8443
    3.9211
    3.9996
    4.0795
    4.1611
    4.2444
    4.3293
    4.4158
    4.5042
    4.5942
    4.6861
    4.7798
    4.8754
    4.9729
    5.0724
    5.1739
    5.2773
    5.3829
    5.4905
    5.6003
    5.7124
    5.8266
    5.9431
    6.0620
    6.1832
    6.3069
    6.4330
    6.5617
    6.6929
    6.8268
    6.9633
    7.1026
    7.2446


shock_vals_L =

    1.0100
    1.0201
    1.0303
    1.0406
    1.0510
    1.0615
    1.0721
    1.0829
    1.0937
    1.1046
    1.1157
    1.1268
    1.1381
    1.1495
    1.1610
    1.1726
    1.1843
    1.1961
    1.2081
    1.2202
    1.2324
    1.2447
    1.2572
    1.2697
    1.2824
    1.2953
    1.3082
    1.3213
    1.3345
    1.3478
    1.3613
    1.3749
    1.3887
    1.4026
    1.4166
    1.4308
    1.4451
    1.4595
    1.4741
    1.4889
    1.5038
    1.5188
    1.5340
    1.5493
    1.5648
    1.5805
    1.5963
    1.6122
    1.6283
    1.6446
    1.6611
    1.6777
    1.6945
    1.7114
    1.7285
    1.7458
    1.7633
    1.7809
    1.7987
    1.8167
    1.8349
    1.8532
    1.8717
    1.8905
    1.9094
    1.9285
    1.9477
    1.9672
    1.9869
    2.0068
    2.0268
    2.0471
    2.0676
    2.0882
    2.1091
    2.1302
    2.1515
    2.1730
    2.1948
    2.2167
    2.2389
    2.2613
    2.2839
    2.3067
    2.3298
    2.3531
    2.3766
    2.4004
    2.4244
    2.4486
    2.4731
    2.4979
    2.5228
    2.5481
    2.5735
    2.5993
    2.6253
    2.6515
    2.6780
    2.7048


--------------------------------------------------------
MODEL SIMULATION:

Iter: 1,	 err. = 32.0046, 	 time = 0.025
Iter: 2,	 err. = 2.1174, 	 time = 0.003
Iter: 3,	 err. = 0.1418, 	 time = 0.005
Iter: 4,	 err. = 0.00029242, 	 time = 0.003
Iter: 5,	 err. = 2.1073e-09, 	 time = 0.006

Total time of simulation: 0.069
--------------------------------------------------------

Perfect foresight solution found.

Total computing time : 0h00m06s
