Starting Dynare (version 6.1).
Calling Dynare with arguments: none
Starting preprocessing of the model file ...
Found 10 equation(s).
Evaluating expressions...
Computing static model derivatives (order 1).
Normalizing the static model...
Finding the optimal block decomposition of the static model...
4 block(s) found:
  3 recursive block(s) and 1 simultaneous block(s).
  the largest simultaneous block has 5 equation(s)
                                 and 5 feedback variable(s).
Computing dynamic model derivatives (order 2).
Normalizing the dynamic model...
Finding the optimal block decomposition of the dynamic model...
3 block(s) found:
  2 recursive block(s) and 1 simultaneous block(s).
  the largest simultaneous block has 6 equation(s)
                                 and 6 feedback variable(s).
Preprocessing completed.
Preprocessing time: 0h00m00s.

STEADY-STATE RESULTS:

y     		 0
c     		 0
n     		 0
v     		 0
k     		 0
r     		 0
z     		 0
y_obs 		 0.00631182
dc    		 0
dv    		 0

EIGENVALUES:
         Modulus             Real        Imaginary
               0                0                0
               0                0                0
        1.09e-17         1.09e-17                0
          0.9335           0.9335                0
            0.95             0.95                0
           1.081            1.081                0
       7.218e+16        7.218e+16                0

There are 2 eigenvalue(s) larger than 1 in modulus for 2 forward-looking variable(s)
The rank condition is verified.


Initial value of the log posterior (or likelihood): 374.222

MODE CHECK

Fval obtained by the optimization routine: -374.222034

RESULTS FROM POSTERIOR ESTIMATION
parameters
        prior mean     mode    s.d.  prior pstdev

eta         1.0000   0.4771  0.1448   invg 1.0000 
psi         0.7500   0.9741  0.0109   beta 0.1000 

standard deviation of shocks
        prior mean     mode    s.d.  prior pstdev

epsilon     0.0100   0.0024  0.0003   invg    Inf 


Log data density [Laplace approximation] is 361.765098.

Estimation::mcmc: Multiple chains mode.
Estimation::mcmc: Old metropolis.log file successfully erased!
Estimation::mcmc: Creation of a new metropolis.log file.
Estimation::mcmc: Searching for initial values...
Estimation::mcmc: Initial values found!

Estimation::mcmc: Write details about the MCMC... Ok!
Estimation::mcmc: Details about the MCMC are available in basicrbc2015_est/metropolis/basicrbc2015_est_mh_history_0.mat


Estimation::mcmc: Number of mh files: 1 per block.
Estimation::mcmc: Total number of generated files: 3.
Estimation::mcmc: Total number of iterations: 100000.
Estimation::mcmc: Current acceptance ratio per chain:
                                                       Chain  1: 46.232%
                                                       Chain  2: 46.444%
                                                       Chain  3: 46.461%
Estimation::mcmc: Total number of MH draws per chain: 100000.
Estimation::mcmc: Total number of generated MH files: 1.
Estimation::mcmc: I'll use mh-files 1 to 1.
Estimation::mcmc: In MH-file number 1 I'll start at line 50001.
Estimation::mcmc: Finally I keep 50000 draws per chain.



MCMC Inefficiency factors per block
Parameter        Block 1     Block 2     Block 3
SE_epsilon        36.975      38.985      38.212
eta               43.625      45.950      49.671
psi               15.140      18.247      16.290



Convergence diagnostics results for chain 1.

Geweke (1992) Convergence Tests, based on means of draws 50000 to 60000 vs 75000 to 100000 for chain 1.
p-values are for Chi2-test for equality of means.
Parameter          Post. Mean        Post. Std   p-val No Taper   p-val 4% Taper   p-val 8% Taper  p-val 15% Taper
SE_epsilon              0.003            0.000            0.000            0.222            0.205            0.182
eta                     0.621            0.254            0.000            0.293            0.256            0.210
psi                     0.973            0.010            0.009            0.498            0.490            0.448




Convergence diagnostics results for chain 2.

Geweke (1992) Convergence Tests, based on means of draws 50000 to 60000 vs 75000 to 100000 for chain 2.
p-values are for Chi2-test for equality of means.
Parameter          Post. Mean        Post. Std   p-val No Taper   p-val 4% Taper   p-val 8% Taper  p-val 15% Taper
SE_epsilon              0.003            0.000            0.000            0.099            0.092            0.071
eta                     0.607            0.227            0.000            0.093            0.089            0.065
psi                     0.973            0.010            0.000            0.268            0.242            0.203




Convergence diagnostics results for chain 3.

Geweke (1992) Convergence Tests, based on means of draws 50000 to 60000 vs 75000 to 100000 for chain 3.
p-values are for Chi2-test for equality of means.
Parameter          Post. Mean        Post. Std   p-val No Taper   p-val 4% Taper   p-val 8% Taper  p-val 15% Taper
SE_epsilon              0.003            0.000            0.000            0.035            0.030            0.035
eta                     0.613            0.231            0.000            0.036            0.034            0.037
psi                     0.973            0.011            0.000            0.016            0.018            0.012


Univariate convergence diagnostic, Brooks and Gelman (1998):
    Parameter 1...  Done! 
    Parameter 2...  Done! 
    Parameter 3...  Done! 

marginal density: I'm computing the posterior mean and covariance...  Done!
marginal density: I'm computing the posterior log marginal density (modified harmonic mean)... Done!


ESTIMATION RESULTS

Log data density (Modified Harmonic Mean) is 361.920559.
parameters
          prior mean   post. mean        90% HPD interval    prior       pstdev

eta            1.000       0.6104      0.2980      0.9240     invg       1.0000
psi            0.750       0.9728      0.9564      0.9897     beta       0.1000

standard deviation of shocks
          prior mean   post. mean        90% HPD interval    prior       pstdev

epsilon        0.010       0.0026      0.0020      0.0033     invg          Inf
Estimation::mcmc: Posterior (dsge) IRFs...
Estimation::mcmc: Posterior IRFs, done!
Estimation::compute_moments_varendo: I'm computing endogenous moments (this may take a while)... 
Done!

Total computing time : 0h03m40s
